\BOOKMARK [0][-]{chapter.1}{Introduction}{}% 1
\BOOKMARK [0][-]{chapter.2}{Objectives and Tasks }{}% 2
\BOOKMARK [1][-]{subsection.2.0.1}{Objectives}{chapter.2}% 3
\BOOKMARK [2][-]{subsection.2.0.2}{Tasks}{subsection.2.0.1}% 4
\BOOKMARK [0][-]{chapter.3}{Scope}{}% 5
\BOOKMARK [0][-]{chapter.4}{Testing Strategy }{}% 6
\BOOKMARK [1][-]{subsection.4.0.1}{Unit Testing}{chapter.4}% 7
\BOOKMARK [2][-]{subsection.4.0.2}{System and Integration Testing}{subsection.4.0.1}% 8
\BOOKMARK [2][-]{subsection.4.0.3}{Performance and Stress Testing}{subsection.4.0.1}% 9
\BOOKMARK [2][-]{subsection.4.0.4}{User Acceptance Testing}{subsection.4.0.1}% 10
\BOOKMARK [2][-]{subsection.4.0.5}{Batch Testing}{subsection.4.0.1}% 11
\BOOKMARK [2][-]{subsection.4.0.6}{Automated Regression Testing}{subsection.4.0.1}% 12
\BOOKMARK [2][-]{subsection.4.0.7}{Beta Testing}{subsection.4.0.1}% 13
\BOOKMARK [0][-]{chapter.5}{Test Schedule}{}% 14
\BOOKMARK [0][-]{chapter.6}{Control Procedures}{}% 15
\BOOKMARK [0][-]{chapter.7}{Features to Be Tested}{}% 16
\BOOKMARK [0][-]{chapter.8}{Features Not to Be Tested}{}% 17
\BOOKMARK [0][-]{chapter.9}{Resources-Roles and Responsibilities}{}% 18
\BOOKMARK [0][-]{chapter.10}{Schedules}{}% 19
\BOOKMARK [0][-]{chapter.11}{Risks and Assumptions}{}% 20
\BOOKMARK [0][-]{chapter.12}{Tools}{}% 21
\BOOKMARK [0][-]{chapter.13}{References}{}% 22
